<?xml version="1.0" encoding="UTF-8"?>
<testsuite xmlns:xsi="http://www.w3.org/2001/XMLSchema-instance" xsi:noNamespaceSchemaLocation="https://maven.apache.org/surefire/maven-surefire-plugin/xsd/surefire-test-report.xsd" version="3.0.2" name="com.example.demo.EcCatApplicationTests" time="5.383" tests="1" errors="0" skipped="0" failures="0">
  <properties>
[...]
</properties>
  <testcase name="contextLoads" classname="com.example.demo.EcCatApplicationTests" time="0.55">
    <system-out><![CDATA[01:31:16.397 [main] INFO org.springframework.test.context.support.AnnotationConfigContextLoaderUtils -- Could not detect default configuration classes for test class [com.example.demo.EcCatApplicationTests]: EcCatApplicationTests does not declare any static, non-private, non-final, nested classes annotated with @Configuration.
01:31:16.504 [main] INFO org.springframework.boot.test.context.SpringBootTestContextBootstrapper -- Found @SpringBootConfiguration com.example.demo.EcCatApplication for test class com.example.demo.EcCatApplicationTests

  .   ____          _            __ _ _
 /\\ / ___'_ __ _ _(_)_ __  __ _ \ \ \ \
( ( )\___ | '_ | '_| | '_ \/ _` | \ \ \ \
 \\/  ___)| |_)| | | | | || (_| |  ) ) ) )
  '  |____| .__|_| |_|_| |_\__, | / / / /
 =========|_|==============|___/=/_/_/_/

 :: Spring Boot ::                (v3.4.2)

2025-02-12T01:31:16.945+09:00  INFO 27356 --- [EC_cat] [           main] com.example.demo.EcCatApplicationTests   : Starting EcCatApplicationTests using Java 17.0.13 with PID 27356 (started by rxc11 in C:\pleiades\2024-12\workspace\EC_cat)
2025-02-12T01:31:16.947+09:00  INFO 27356 --- [EC_cat] [           main] com.example.demo.EcCatApplicationTests   : No active profile set, falling back to 1 default profile: "default"
2025-02-12T01:31:17.616+09:00  INFO 27356 --- [EC_cat] [           main] .s.d.r.c.RepositoryConfigurationDelegate : Bootstrapping Spring Data JPA repositories in DEFAULT mode.
2025-02-12T01:31:17.675+09:00  INFO 27356 --- [EC_cat] [           main] .s.d.r.c.RepositoryConfigurationDelegate : Finished Spring Data repository scanning in 49 ms. Found 1 JPA repository interface.
2025-02-12T01:31:18.136+09:00  INFO 27356 --- [EC_cat] [           main] com.zaxxer.hikari.HikariDataSource       : HikariPool-1 - Starting...
2025-02-12T01:31:18.371+09:00  INFO 27356 --- [EC_cat] [           main] com.zaxxer.hikari.pool.HikariPool        : HikariPool-1 - Added connection conn0: url=jdbc:h2:mem:testdb user=SA
2025-02-12T01:31:18.373+09:00  INFO 27356 --- [EC_cat] [           main] com.zaxxer.hikari.HikariDataSource       : HikariPool-1 - Start completed.
2025-02-12T01:31:18.454+09:00  INFO 27356 --- [EC_cat] [           main] o.hibernate.jpa.internal.util.LogHelper  : HHH000204: Processing PersistenceUnitInfo [name: default]
2025-02-12T01:31:18.554+09:00  INFO 27356 --- [EC_cat] [           main] org.hibernate.Version                    : HHH000412: Hibernate ORM core version 6.6.5.Final
2025-02-12T01:31:18.608+09:00  INFO 27356 --- [EC_cat] [           main] o.h.c.internal.RegionFactoryInitiator    : HHH000026: Second-level cache disabled
2025-02-12T01:31:18.999+09:00  INFO 27356 --- [EC_cat] [           main] o.s.o.j.p.SpringPersistenceUnitInfo      : No LoadTimeWeaver setup: ignoring JPA class transformer
2025-02-12T01:31:19.065+09:00  WARN 27356 --- [EC_cat] [           main] org.hibernate.orm.deprecation            : HHH90000025: H2Dialect does not need to be specified explicitly using 'hibernate.dialect' (remove the property setting and it will be selected by default)
2025-02-12T01:31:19.087+09:00  INFO 27356 --- [EC_cat] [           main] org.hibernate.orm.connections.pooling    : HHH10001005: Database info:
	Database JDBC URL [Connecting through datasource 'HikariDataSource (HikariPool-1)']
	Database driver: undefined/unknown
	Database version: 2.3.232
	Autocommit mode: undefined/unknown
	Isolation level: undefined/unknown
	Minimum pool size: undefined/unknown
	Maximum pool size: undefined/unknown
2025-02-12T01:31:19.862+09:00  INFO 27356 --- [EC_cat] [           main] o.h.e.t.j.p.i.JtaPlatformInitiator       : HHH000489: No JTA platform available (set 'hibernate.transaction.jta.platform' to enable JTA platform integration)
2025-02-12T01:31:19.893+09:00  INFO 27356 --- [EC_cat] [           main] j.LocalContainerEntityManagerFactoryBean : Initialized JPA EntityManagerFactory for persistence unit 'default'
2025-02-12T01:31:20.318+09:00  WARN 27356 --- [EC_cat] [           main] JpaBaseConfiguration$JpaWebConfiguration : spring.jpa.open-in-view is enabled by default. Therefore, database queries may be performed during view rendering. Explicitly configure spring.jpa.open-in-view to disable this warning
2025-02-12T01:31:20.952+09:00  INFO 27356 --- [EC_cat] [           main] o.s.b.a.h2.H2ConsoleAutoConfiguration    : H2 console available at '/h2-console'. Database available at 'jdbc:h2:mem:testdb'
2025-02-12T01:31:21.057+09:00  INFO 27356 --- [EC_cat] [           main] com.example.demo.EcCatApplicationTests   : Started EcCatApplicationTests in 4.391 seconds (process running for 5.31)
]]></system-out>
  </testcase>
</testsuite>